{"level":"error","message":"[2 --LEVEL = info] -:- url:/users - body:{} - query:{} - statusCode: 200"}
{"level":"error","message":"[2 --LEVEL = info] -:- url:/users - body:{\"name\":\"TEST_USER\",\"login\":\"test_user\",\"password\":\"T35t_P@55w0rd\"} - query:{} - statusCode: 200"}
{"level":"error","message":"[2 --LEVEL = info] -:- url:/users/a2639b3c-0dea-4d3b-a8b1-872b521c8774 - body:{} - query:{} - statusCode: 200"}
{"level":"error","message":"[2 --LEVEL = info] -:- url:/users/a2639b3c-0dea-4d3b-a8b1-872b521c8774 - body:{} - query:{} - statusCode: 200"}
{"level":"error","message":"[2 --LEVEL = info] -:- url:/users - body:{\"name\":\"TEST_USER\",\"login\":\"test_user\",\"password\":\"T35t_P@55w0rd\"} - query:{} - statusCode: 200"}
{"level":"error","message":"[2 --LEVEL = info] -:- url:/users/afd5385e-1928-4d07-a074-570d55d62441 - body:{} - query:{} - statusCode: 200"}
{"level":"error","message":"[2 --LEVEL = info] -:- url:/users - body:{\"name\":\"TEST_USER\",\"login\":\"test_user\",\"password\":\"T35t_P@55w0rd\"} - query:{} - statusCode: 200"}
{"level":"error","message":"[2 --LEVEL = info] -:- url:/users/e7fa7ac7-9e07-4890-b3d7-03340baab42e - body:{\"name\":\"Autotest updated TEST_USER\",\"login\":\"test_user\",\"password\":\"T35t_P@55w0rd\",\"id\":\"e7fa7ac7-9e07-4890-b3d7-03340baab42e\"} - query:{} - statusCode: 200"}
{"level":"error","message":"[2 --LEVEL = info] -:- url:/users/e7fa7ac7-9e07-4890-b3d7-03340baab42e - body:{} - query:{} - statusCode: 200"}
{"level":"error","message":"[2 --LEVEL = info] -:- url:/users/e7fa7ac7-9e07-4890-b3d7-03340baab42e - body:{} - query:{} - statusCode: 200"}
{"level":"error","message":"[2 --LEVEL = info] -:- url:/users - body:{\"name\":\"TEST_USER\",\"login\":\"test_user\",\"password\":\"T35t_P@55w0rd\"} - query:{} - statusCode: 200"}
{"level":"error","message":"[2 --LEVEL = info] -:- url:/users/579037bd-e731-440b-9661-7a5a78293b29 - body:{} - query:{} - statusCode: 200"}
{"level":"error","message":"[2 --LEVEL = info] -:- url:/users - body:{\"name\":\"TEST_USER\",\"login\":\"test_user\",\"password\":\"T35t_P@55w0rd\"} - query:{} - statusCode: 200"}
{"level":"error","message":"[2 --LEVEL = info] -:- url:/boards - body:{\"title\":\"Autotest board\",\"columns\":[{\"title\":\"Backlog\",\"order\":1},{\"title\":\"Sprint\",\"order\":2}]} - query:{} - statusCode: 200"}
{"level":"error","message":"[2 --LEVEL = info] -:- url:/boards/caa45f96-bb9d-4682-bfba-100f1d95c35a/tasks - body:{\"title\":\"Task #1\",\"order\":1,\"description\":\"Lorem ipsum\",\"userId\":\"2faa5e60-5afe-4d41-b86b-9ced4c13463d\",\"boardId\":\"caa45f96-bb9d-4682-bfba-100f1d95c35a\"} - query:{} - statusCode: 200"}
{"level":"error","message":"[2 --LEVEL = info] -:- url:/boards/caa45f96-bb9d-4682-bfba-100f1d95c35a/tasks - body:{\"title\":\"Task #2\",\"order\":2,\"description\":\"Lorem ipsum\",\"userId\":\"2faa5e60-5afe-4d41-b86b-9ced4c13463d\",\"boardId\":\"caa45f96-bb9d-4682-bfba-100f1d95c35a\"} - query:{} - statusCode: 200"}
{"level":"error","message":"[2 --LEVEL = info] -:- url:/users/2faa5e60-5afe-4d41-b86b-9ced4c13463d - body:{} - query:{} - statusCode: 200"}
{"level":"error","message":"[2 --LEVEL = info] -:- url:/boards/caa45f96-bb9d-4682-bfba-100f1d95c35a/tasks/4b5bd424-87bc-4532-b5b4-a22c6f186c87 - body:{} - query:{} - statusCode: 200"}
{"level":"error","message":"[2 --LEVEL = info] -:- url:/boards/caa45f96-bb9d-4682-bfba-100f1d95c35a/tasks/4ad03b35-0af7-4567-b7fe-c9868ac9fe7c - body:{} - query:{} - statusCode: 200"}
{"level":"error","message":"[2 --LEVEL = info] -:- url:/boards/caa45f96-bb9d-4682-bfba-100f1d95c35a/tasks/4b5bd424-87bc-4532-b5b4-a22c6f186c87 - body:{} - query:{} - statusCode: 200"}
{"level":"error","message":"[2 --LEVEL = info] -:- url:/boards/caa45f96-bb9d-4682-bfba-100f1d95c35a/tasks/4ad03b35-0af7-4567-b7fe-c9868ac9fe7c - body:{} - query:{} - statusCode: 200"}
{"level":"error","message":"[2 --LEVEL = info] -:- url:/boards/caa45f96-bb9d-4682-bfba-100f1d95c35a - body:{} - query:{} - statusCode: 200"}
{"level":"error","message":"[2 --LEVEL = info] -:- url:/boards - body:{\"title\":\"Autotest board\",\"columns\":[{\"title\":\"Backlog\",\"order\":1},{\"title\":\"Sprint\",\"order\":2}]} - query:{} - statusCode: 200"}
{"level":"error","message":"[2 --LEVEL = info] -:- url:/boards - body:{} - query:{} - statusCode: 200"}
{"level":"error","message":"[2 --LEVEL = info] -:- url:/boards - body:{} - query:{} - statusCode: 200"}
{"level":"error","message":"[2 --LEVEL = info] -:- url:/boards/768f9751-19de-4483-9824-05b5bf9c725b - body:{} - query:{} - statusCode: 200"}
{"level":"error","message":"[2 --LEVEL = info] -:- url:/boards - body:{\"title\":\"Autotest board\",\"columns\":[{\"title\":\"Backlog\",\"order\":1},{\"title\":\"Sprint\",\"order\":2}]} - query:{} - statusCode: 200"}
{"level":"error","message":"[2 --LEVEL = info] -:- url:/boards/1aa3d252-d005-4a75-bbf9-e9a57e6c4abe - body:{} - query:{} - statusCode: 200"}
{"level":"error","message":"[2 --LEVEL = info] -:- url:/boards - body:{\"title\":\"Autotest board\",\"columns\":[{\"title\":\"Backlog\",\"order\":1},{\"title\":\"Sprint\",\"order\":2}]} - query:{} - statusCode: 200"}
{"level":"error","message":"[2 --LEVEL = info] -:- url:/boards/81df1be4-2eea-4ced-bdc3-7671c53d3035 - body:{\"id\":\"81df1be4-2eea-4ced-bdc3-7671c53d3035\",\"title\":\"Autotest updated board\",\"columns\":[{\"title\":\"Backlog\",\"order\":1},{\"title\":\"Sprint\",\"order\":2}]} - query:{} - statusCode: 200"}
{"level":"error","message":"[2 --LEVEL = info] -:- url:/boards/81df1be4-2eea-4ced-bdc3-7671c53d3035 - body:{} - query:{} - statusCode: 200"}
{"level":"error","message":"[2 --LEVEL = info] -:- url:/boards/81df1be4-2eea-4ced-bdc3-7671c53d3035 - body:{} - query:{} - statusCode: 200"}
{"level":"error","message":"[2 --LEVEL = info] -:- url:/boards - body:{\"title\":\"Autotest board\",\"columns\":[{\"title\":\"Backlog\",\"order\":1},{\"title\":\"Sprint\",\"order\":2}]} - query:{} - statusCode: 200"}
{"level":"error","message":"[2 --LEVEL = info] -:- url:/boards/1eb8c2c7-a497-4f3a-bae9-3ec631c07853 - body:{} - query:{} - statusCode: 200"}
{"level":"error","message":"[2 --LEVEL = info] -:- url:/boards/1eb8c2c7-a497-4f3a-bae9-3ec631c07853 - body:{} - query:{} - statusCode: 200"}
{"level":"error","message":"[2 --LEVEL = info] -:- url:/boards - body:{\"title\":\"Autotest board\",\"columns\":[{\"title\":\"Backlog\",\"order\":1},{\"title\":\"Sprint\",\"order\":2}]} - query:{} - statusCode: 200"}
{"level":"error","message":"[2 --LEVEL = info] -:- url:/boards/ebbc6bc9-753f-4f10-9a3e-eb7e67caa5ea/tasks - body:{\"title\":\"Task #1\",\"order\":1,\"description\":\"Lorem ipsum\",\"boardId\":\"ebbc6bc9-753f-4f10-9a3e-eb7e67caa5ea\",\"userId\":null,\"columnId\":null} - query:{} - statusCode: 200"}
{"level":"error","message":"[2 --LEVEL = info] -:- url:/boards/ebbc6bc9-753f-4f10-9a3e-eb7e67caa5ea/tasks - body:{\"title\":\"Task #2\",\"order\":2,\"description\":\"Lorem ipsum\",\"boardId\":\"ebbc6bc9-753f-4f10-9a3e-eb7e67caa5ea\",\"userId\":null,\"columnId\":null} - query:{} - statusCode: 200"}
{"level":"error","message":"[2 --LEVEL = info] -:- url:/boards/ebbc6bc9-753f-4f10-9a3e-eb7e67caa5ea/tasks - body:{\"title\":\"Task #3\",\"order\":3,\"description\":\"Lorem ipsum\",\"boardId\":\"ebbc6bc9-753f-4f10-9a3e-eb7e67caa5ea\",\"userId\":null,\"columnId\":null} - query:{} - statusCode: 200"}
{"level":"error","message":"[2 --LEVEL = info] -:- url:/boards/ebbc6bc9-753f-4f10-9a3e-eb7e67caa5ea/tasks - body:{\"title\":\"Task #4\",\"order\":4,\"description\":\"Lorem ipsum\",\"boardId\":\"ebbc6bc9-753f-4f10-9a3e-eb7e67caa5ea\",\"userId\":null,\"columnId\":null} - query:{} - statusCode: 200"}
{"level":"error","message":"[2 --LEVEL = info] -:- url:/boards/ebbc6bc9-753f-4f10-9a3e-eb7e67caa5ea/tasks - body:{\"title\":\"Task #5\",\"order\":5,\"description\":\"Lorem ipsum\",\"boardId\":\"ebbc6bc9-753f-4f10-9a3e-eb7e67caa5ea\",\"userId\":null,\"columnId\":null} - query:{} - statusCode: 200"}
{"level":"error","message":"[2 --LEVEL = info] -:- url:/boards/ebbc6bc9-753f-4f10-9a3e-eb7e67caa5ea/tasks/4911a6d2-0fd2-420e-9fab-9e21051d42f0 - body:{} - query:{} - statusCode: 200"}
{"level":"error","message":"[2 --LEVEL = info] -:- url:/boards/ebbc6bc9-753f-4f10-9a3e-eb7e67caa5ea/tasks/53f089e9-b5df-4050-8b83-caea9a1a3df0 - body:{} - query:{} - statusCode: 200"}
{"level":"error","message":"[2 --LEVEL = info] -:- url:/boards/ebbc6bc9-753f-4f10-9a3e-eb7e67caa5ea/tasks/619ab09b-5217-423c-a516-f0bb033ef6a0 - body:{} - query:{} - statusCode: 200"}
{"level":"error","message":"[2 --LEVEL = info] -:- url:/boards/ebbc6bc9-753f-4f10-9a3e-eb7e67caa5ea/tasks/141747a0-4847-42a4-bdb2-5b6bfe9031c2 - body:{} - query:{} - statusCode: 200"}
{"level":"error","message":"[2 --LEVEL = info] -:- url:/boards/ebbc6bc9-753f-4f10-9a3e-eb7e67caa5ea/tasks/32915bbf-23ec-4739-854a-4d0b6ab2e7d3 - body:{} - query:{} - statusCode: 200"}
{"level":"error","message":"[2 --LEVEL = info] -:- url:/boards/ebbc6bc9-753f-4f10-9a3e-eb7e67caa5ea - body:{} - query:{} - statusCode: 200"}
{"level":"error","message":"[2 --LEVEL = info] -:- url:/boards/ebbc6bc9-753f-4f10-9a3e-eb7e67caa5ea/tasks/4911a6d2-0fd2-420e-9fab-9e21051d42f0 - body:{} - query:{} - statusCode: 200"}
{"level":"error","message":"[2 --LEVEL = info] -:- url:/boards/ebbc6bc9-753f-4f10-9a3e-eb7e67caa5ea/tasks/53f089e9-b5df-4050-8b83-caea9a1a3df0 - body:{} - query:{} - statusCode: 200"}
{"level":"error","message":"[2 --LEVEL = info] -:- url:/boards/ebbc6bc9-753f-4f10-9a3e-eb7e67caa5ea/tasks/619ab09b-5217-423c-a516-f0bb033ef6a0 - body:{} - query:{} - statusCode: 200"}
{"level":"error","message":"[2 --LEVEL = info] -:- url:/boards/ebbc6bc9-753f-4f10-9a3e-eb7e67caa5ea/tasks/141747a0-4847-42a4-bdb2-5b6bfe9031c2 - body:{} - query:{} - statusCode: 200"}
{"level":"error","message":"[2 --LEVEL = info] -:- url:/boards/ebbc6bc9-753f-4f10-9a3e-eb7e67caa5ea/tasks/32915bbf-23ec-4739-854a-4d0b6ab2e7d3 - body:{} - query:{} - statusCode: 200"}
{"level":"error","message":"[2 --LEVEL = info] -:- url:/boards/768f9751-19de-4483-9824-05b5bf9c725b - body:{} - query:{} - statusCode: 200"}
{"level":"error","message":"[2 --LEVEL = info] -:- url:/boards - body:{\"title\":\"Autotest board\",\"columns\":[{\"title\":\"Backlog\",\"order\":1},{\"title\":\"Sprint\",\"order\":2}]} - query:{} - statusCode: 200"}
{"level":"error","message":"[2 --LEVEL = info] -:- url:/boards/254ea257-3144-43be-8938-be3b0d5d1f59/tasks - body:{\"title\":\"Autotest task\",\"order\":0,\"description\":\"Lorem ipsum\",\"userId\":null,\"boardId\":null,\"columnId\":null} - query:{} - statusCode: 200"}
{"level":"error","message":"[2 --LEVEL = info] -:- url:/boards/254ea257-3144-43be-8938-be3b0d5d1f59/tasks - body:{} - query:{} - statusCode: 200"}
{"level":"error","message":"[2 --LEVEL = info] -:- url:/boards/254ea257-3144-43be-8938-be3b0d5d1f59/tasks - body:{} - query:{} - statusCode: 200"}
{"level":"error","message":"[2 --LEVEL = info] -:- url:/boards/254ea257-3144-43be-8938-be3b0d5d1f59/tasks/90db76da-6931-4752-97c6-9557cb96e94f - body:{} - query:{} - statusCode: 200"}
{"level":"error","message":"[2 --LEVEL = info] -:- url:/boards/254ea257-3144-43be-8938-be3b0d5d1f59/tasks - body:{\"title\":\"Autotest task\",\"order\":0,\"description\":\"Lorem ipsum\",\"userId\":null,\"boardId\":null,\"columnId\":null} - query:{} - statusCode: 200"}
{"level":"error","message":"[2 --LEVEL = info] -:- url:/boards/254ea257-3144-43be-8938-be3b0d5d1f59/tasks/7e2aaf5a-8702-49b0-b6e7-9e4e07f77585 - body:{} - query:{} - statusCode: 200"}
{"level":"error","message":"[2 --LEVEL = info] -:- url:/boards/254ea257-3144-43be-8938-be3b0d5d1f59/tasks - body:{\"title\":\"Autotest task\",\"order\":0,\"description\":\"Lorem ipsum\",\"userId\":null,\"boardId\":null,\"columnId\":null} - query:{} - statusCode: 200"}
{"level":"error","message":"[2 --LEVEL = info] -:- url:/boards/254ea257-3144-43be-8938-be3b0d5d1f59/tasks/8a5fad92-268a-4ca2-9297-7d7ea0ddf253 - body:{\"id\":\"8a5fad92-268a-4ca2-9297-7d7ea0ddf253\",\"title\":\"Autotest updated task\",\"order\":0,\"description\":\"Lorem ipsum\",\"userId\":null,\"boardId\":\"254ea257-3144-43be-8938-be3b0d5d1f59\",\"columnId\":null} - query:{} - statusCode: 200"}
{"level":"error","message":"[2 --LEVEL = info] -:- url:/boards/254ea257-3144-43be-8938-be3b0d5d1f59/tasks/8a5fad92-268a-4ca2-9297-7d7ea0ddf253 - body:{} - query:{} - statusCode: 200"}
{"level":"error","message":"[2 --LEVEL = info] -:- url:/boards/254ea257-3144-43be-8938-be3b0d5d1f59/tasks/90db76da-6931-4752-97c6-9557cb96e94f - body:{} - query:{} - statusCode: 200"}
{"level":"error","message":"[2 --LEVEL = info] -:- url:/boards/254ea257-3144-43be-8938-be3b0d5d1f59/tasks/90db76da-6931-4752-97c6-9557cb96e94f - body:{} - query:{} - statusCode: 200"}
{"level":"error","message":"[2 --LEVEL = info] -:- url:/boards/254ea257-3144-43be-8938-be3b0d5d1f59/tasks/90db76da-6931-4752-97c6-9557cb96e94f - body:{} - query:{} - statusCode: 200"}
{"level":"error","message":"[2 --LEVEL = info] -:- url:/boards/254ea257-3144-43be-8938-be3b0d5d1f59 - body:{} - query:{} - statusCode: 200"}
{"level":"error","message":"[2 --LEVEL = info] -:- url:/users - body:{} - query:{} - statusCode: 200"}
{"level":"error","message":"[2 --LEVEL = info] -:- url:/users - body:{\"name\":\"TEST_USER\",\"login\":\"test_user\",\"password\":\"T35t_P@55w0rd\"} - query:{} - statusCode: 200"}
{"level":"error","message":"[2 --LEVEL = info] -:- url:/users/1081e2af-4b18-4a7f-acd6-b0bada0895c6 - body:{} - query:{} - statusCode: 200"}
{"level":"error","message":"[2 --LEVEL = info] -:- url:/users/1081e2af-4b18-4a7f-acd6-b0bada0895c6 - body:{} - query:{} - statusCode: 200"}
{"level":"error","message":"[2 --LEVEL = info] -:- url:/users - body:{\"name\":\"TEST_USER\",\"login\":\"test_user\",\"password\":\"T35t_P@55w0rd\"} - query:{} - statusCode: 200"}
{"level":"error","message":"[2 --LEVEL = info] -:- url:/users/3a2b444b-62f9-478d-b37e-c74db0d19749 - body:{} - query:{} - statusCode: 200"}
{"level":"error","message":"[2 --LEVEL = info] -:- url:/users - body:{\"name\":\"TEST_USER\",\"login\":\"test_user\",\"password\":\"T35t_P@55w0rd\"} - query:{} - statusCode: 200"}
{"level":"error","message":"[2 --LEVEL = info] -:- url:/users/7c9b6a05-ed4a-411f-9de1-a0b58c00fe0e - body:{\"name\":\"Autotest updated TEST_USER\",\"login\":\"test_user\",\"password\":\"T35t_P@55w0rd\",\"id\":\"7c9b6a05-ed4a-411f-9de1-a0b58c00fe0e\"} - query:{} - statusCode: 200"}
{"level":"error","message":"[2 --LEVEL = info] -:- url:/users/7c9b6a05-ed4a-411f-9de1-a0b58c00fe0e - body:{} - query:{} - statusCode: 200"}
{"level":"error","message":"[2 --LEVEL = info] -:- url:/users/7c9b6a05-ed4a-411f-9de1-a0b58c00fe0e - body:{} - query:{} - statusCode: 200"}
{"level":"error","message":"[2 --LEVEL = info] -:- url:/users - body:{\"name\":\"TEST_USER\",\"login\":\"test_user\",\"password\":\"T35t_P@55w0rd\"} - query:{} - statusCode: 200"}
{"level":"error","message":"[2 --LEVEL = info] -:- url:/users/42396e3f-61c7-43a0-910c-9b5a4f4de3b3 - body:{} - query:{} - statusCode: 200"}
{"level":"error","message":"[2 --LEVEL = info] -:- url:/users - body:{\"name\":\"TEST_USER\",\"login\":\"test_user\",\"password\":\"T35t_P@55w0rd\"} - query:{} - statusCode: 200"}
{"level":"error","message":"[2 --LEVEL = info] -:- url:/boards - body:{\"title\":\"Autotest board\",\"columns\":[{\"title\":\"Backlog\",\"order\":1},{\"title\":\"Sprint\",\"order\":2}]} - query:{} - statusCode: 200"}
{"level":"error","message":"[2 --LEVEL = info] -:- url:/boards/f5998d96-70d3-49c9-8190-7fd7e4993ed5/tasks - body:{\"title\":\"Task #1\",\"order\":1,\"description\":\"Lorem ipsum\",\"userId\":\"3c1c3526-d4dc-46e6-83f1-22d8f9396d82\",\"boardId\":\"f5998d96-70d3-49c9-8190-7fd7e4993ed5\"} - query:{} - statusCode: 200"}
{"level":"error","message":"[2 --LEVEL = info] -:- url:/boards/f5998d96-70d3-49c9-8190-7fd7e4993ed5/tasks - body:{\"title\":\"Task #2\",\"order\":2,\"description\":\"Lorem ipsum\",\"userId\":\"3c1c3526-d4dc-46e6-83f1-22d8f9396d82\",\"boardId\":\"f5998d96-70d3-49c9-8190-7fd7e4993ed5\"} - query:{} - statusCode: 200"}
{"level":"error","message":"[2 --LEVEL = info] -:- url:/users/3c1c3526-d4dc-46e6-83f1-22d8f9396d82 - body:{} - query:{} - statusCode: 200"}
{"level":"error","message":"[2 --LEVEL = info] -:- url:/boards/f5998d96-70d3-49c9-8190-7fd7e4993ed5/tasks/dd5086c8-84de-46aa-a69d-ef81927d3932 - body:{} - query:{} - statusCode: 200"}
{"level":"error","message":"[2 --LEVEL = info] -:- url:/boards/f5998d96-70d3-49c9-8190-7fd7e4993ed5/tasks/ab9f9b6d-17ca-477e-8ab4-babe011b599e - body:{} - query:{} - statusCode: 200"}
{"level":"error","message":"[2 --LEVEL = info] -:- url:/boards/f5998d96-70d3-49c9-8190-7fd7e4993ed5/tasks/dd5086c8-84de-46aa-a69d-ef81927d3932 - body:{} - query:{} - statusCode: 200"}
{"level":"error","message":"[2 --LEVEL = info] -:- url:/boards/f5998d96-70d3-49c9-8190-7fd7e4993ed5/tasks/ab9f9b6d-17ca-477e-8ab4-babe011b599e - body:{} - query:{} - statusCode: 200"}
{"level":"error","message":"[2 --LEVEL = info] -:- url:/boards/f5998d96-70d3-49c9-8190-7fd7e4993ed5 - body:{} - query:{} - statusCode: 200"}
{"level":"error","message":"[2 --LEVEL = info] -:- url:/boards - body:{\"title\":\"Autotest board\",\"columns\":[{\"title\":\"Backlog\",\"order\":1},{\"title\":\"Sprint\",\"order\":2}]} - query:{} - statusCode: 200"}
{"level":"error","message":"[2 --LEVEL = info] -:- url:/boards - body:{} - query:{} - statusCode: 200"}
{"level":"error","message":"[2 --LEVEL = info] -:- url:/boards - body:{} - query:{} - statusCode: 200"}
{"level":"error","message":"[2 --LEVEL = info] -:- url:/boards/b08a8677-872a-497e-a113-b36236d6e5b3 - body:{} - query:{} - statusCode: 200"}
{"level":"error","message":"[2 --LEVEL = info] -:- url:/boards - body:{\"title\":\"Autotest board\",\"columns\":[{\"title\":\"Backlog\",\"order\":1},{\"title\":\"Sprint\",\"order\":2}]} - query:{} - statusCode: 200"}
{"level":"error","message":"[2 --LEVEL = info] -:- url:/boards/f8e9a7c6-59ef-4f77-9ec1-351ca77354cc - body:{} - query:{} - statusCode: 200"}
{"level":"error","message":"[2 --LEVEL = info] -:- url:/boards - body:{\"title\":\"Autotest board\",\"columns\":[{\"title\":\"Backlog\",\"order\":1},{\"title\":\"Sprint\",\"order\":2}]} - query:{} - statusCode: 200"}
{"level":"error","message":"[2 --LEVEL = info] -:- url:/boards/4f7df85f-69df-4087-9108-a5c5ac105d3d - body:{\"id\":\"4f7df85f-69df-4087-9108-a5c5ac105d3d\",\"title\":\"Autotest updated board\",\"columns\":[{\"title\":\"Backlog\",\"order\":1},{\"title\":\"Sprint\",\"order\":2}]} - query:{} - statusCode: 200"}
{"level":"error","message":"[2 --LEVEL = info] -:- url:/boards/4f7df85f-69df-4087-9108-a5c5ac105d3d - body:{} - query:{} - statusCode: 200"}
{"level":"error","message":"[2 --LEVEL = info] -:- url:/boards/4f7df85f-69df-4087-9108-a5c5ac105d3d - body:{} - query:{} - statusCode: 200"}
{"level":"error","message":"[2 --LEVEL = info] -:- url:/boards - body:{\"title\":\"Autotest board\",\"columns\":[{\"title\":\"Backlog\",\"order\":1},{\"title\":\"Sprint\",\"order\":2}]} - query:{} - statusCode: 200"}
{"level":"error","message":"[2 --LEVEL = info] -:- url:/boards/58d646c4-8a73-41f7-a277-30972cae5b14 - body:{} - query:{} - statusCode: 200"}
{"level":"error","message":"[2 --LEVEL = info] -:- url:/boards/58d646c4-8a73-41f7-a277-30972cae5b14 - body:{} - query:{} - statusCode: 200"}
{"level":"error","message":"[2 --LEVEL = info] -:- url:/boards - body:{\"title\":\"Autotest board\",\"columns\":[{\"title\":\"Backlog\",\"order\":1},{\"title\":\"Sprint\",\"order\":2}]} - query:{} - statusCode: 200"}
{"level":"error","message":"[2 --LEVEL = info] -:- url:/boards/c5bfeb56-6cf4-450f-8a39-e15ca33e7c2b/tasks - body:{\"title\":\"Task #1\",\"order\":1,\"description\":\"Lorem ipsum\",\"boardId\":\"c5bfeb56-6cf4-450f-8a39-e15ca33e7c2b\",\"userId\":null,\"columnId\":null} - query:{} - statusCode: 200"}
{"level":"error","message":"[2 --LEVEL = info] -:- url:/boards/c5bfeb56-6cf4-450f-8a39-e15ca33e7c2b/tasks - body:{\"title\":\"Task #2\",\"order\":2,\"description\":\"Lorem ipsum\",\"boardId\":\"c5bfeb56-6cf4-450f-8a39-e15ca33e7c2b\",\"userId\":null,\"columnId\":null} - query:{} - statusCode: 200"}
{"level":"error","message":"[2 --LEVEL = info] -:- url:/boards/c5bfeb56-6cf4-450f-8a39-e15ca33e7c2b/tasks - body:{\"title\":\"Task #3\",\"order\":3,\"description\":\"Lorem ipsum\",\"boardId\":\"c5bfeb56-6cf4-450f-8a39-e15ca33e7c2b\",\"userId\":null,\"columnId\":null} - query:{} - statusCode: 200"}
{"level":"error","message":"[2 --LEVEL = info] -:- url:/boards/c5bfeb56-6cf4-450f-8a39-e15ca33e7c2b/tasks - body:{\"title\":\"Task #4\",\"order\":4,\"description\":\"Lorem ipsum\",\"boardId\":\"c5bfeb56-6cf4-450f-8a39-e15ca33e7c2b\",\"userId\":null,\"columnId\":null} - query:{} - statusCode: 200"}
{"level":"error","message":"[2 --LEVEL = info] -:- url:/boards/c5bfeb56-6cf4-450f-8a39-e15ca33e7c2b/tasks - body:{\"title\":\"Task #5\",\"order\":5,\"description\":\"Lorem ipsum\",\"boardId\":\"c5bfeb56-6cf4-450f-8a39-e15ca33e7c2b\",\"userId\":null,\"columnId\":null} - query:{} - statusCode: 200"}
{"level":"error","message":"[2 --LEVEL = info] -:- url:/boards/c5bfeb56-6cf4-450f-8a39-e15ca33e7c2b/tasks/5a66fb23-8d01-42e3-982d-c8c00b08efbe - body:{} - query:{} - statusCode: 200"}
{"level":"error","message":"[2 --LEVEL = info] -:- url:/boards/c5bfeb56-6cf4-450f-8a39-e15ca33e7c2b/tasks/fa9b08da-c1ca-472d-b003-945d4e889181 - body:{} - query:{} - statusCode: 200"}
{"level":"error","message":"[2 --LEVEL = info] -:- url:/boards/c5bfeb56-6cf4-450f-8a39-e15ca33e7c2b/tasks/20dc567c-7856-4c50-b7d9-5bd425236003 - body:{} - query:{} - statusCode: 200"}
{"level":"error","message":"[2 --LEVEL = info] -:- url:/boards/c5bfeb56-6cf4-450f-8a39-e15ca33e7c2b/tasks/7daab7cf-18b7-487e-91e5-abaab9dd3b0c - body:{} - query:{} - statusCode: 200"}
{"level":"error","message":"[2 --LEVEL = info] -:- url:/boards/c5bfeb56-6cf4-450f-8a39-e15ca33e7c2b/tasks/1ef79f14-da71-47b5-bf9a-6e4b6ffa693c - body:{} - query:{} - statusCode: 200"}
{"level":"error","message":"[2 --LEVEL = info] -:- url:/boards/c5bfeb56-6cf4-450f-8a39-e15ca33e7c2b - body:{} - query:{} - statusCode: 200"}
{"level":"error","message":"[2 --LEVEL = info] -:- url:/boards/c5bfeb56-6cf4-450f-8a39-e15ca33e7c2b/tasks/5a66fb23-8d01-42e3-982d-c8c00b08efbe - body:{} - query:{} - statusCode: 200"}
{"level":"error","message":"[2 --LEVEL = info] -:- url:/boards/c5bfeb56-6cf4-450f-8a39-e15ca33e7c2b/tasks/fa9b08da-c1ca-472d-b003-945d4e889181 - body:{} - query:{} - statusCode: 200"}
{"level":"error","message":"[2 --LEVEL = info] -:- url:/boards/c5bfeb56-6cf4-450f-8a39-e15ca33e7c2b/tasks/20dc567c-7856-4c50-b7d9-5bd425236003 - body:{} - query:{} - statusCode: 200"}
{"level":"error","message":"[2 --LEVEL = info] -:- url:/boards/c5bfeb56-6cf4-450f-8a39-e15ca33e7c2b/tasks/7daab7cf-18b7-487e-91e5-abaab9dd3b0c - body:{} - query:{} - statusCode: 200"}
{"level":"error","message":"[2 --LEVEL = info] -:- url:/boards/c5bfeb56-6cf4-450f-8a39-e15ca33e7c2b/tasks/1ef79f14-da71-47b5-bf9a-6e4b6ffa693c - body:{} - query:{} - statusCode: 200"}
{"level":"error","message":"[2 --LEVEL = info] -:- url:/boards/b08a8677-872a-497e-a113-b36236d6e5b3 - body:{} - query:{} - statusCode: 200"}
{"level":"error","message":"[2 --LEVEL = info] -:- url:/boards - body:{\"title\":\"Autotest board\",\"columns\":[{\"title\":\"Backlog\",\"order\":1},{\"title\":\"Sprint\",\"order\":2}]} - query:{} - statusCode: 200"}
{"level":"error","message":"[2 --LEVEL = info] -:- url:/boards/edc31cdb-7e04-4139-8097-a2af3b9b0493/tasks - body:{\"title\":\"Autotest task\",\"order\":0,\"description\":\"Lorem ipsum\",\"userId\":null,\"boardId\":null,\"columnId\":null} - query:{} - statusCode: 200"}
{"level":"error","message":"[2 --LEVEL = info] -:- url:/boards/edc31cdb-7e04-4139-8097-a2af3b9b0493/tasks - body:{} - query:{} - statusCode: 200"}
{"level":"error","message":"[2 --LEVEL = info] -:- url:/boards/edc31cdb-7e04-4139-8097-a2af3b9b0493/tasks - body:{} - query:{} - statusCode: 200"}
{"level":"error","message":"[2 --LEVEL = info] -:- url:/boards/edc31cdb-7e04-4139-8097-a2af3b9b0493/tasks/cf7ffda5-ba9b-4dcf-9afb-3aa8bf3b8fd6 - body:{} - query:{} - statusCode: 200"}
{"level":"error","message":"[2 --LEVEL = info] -:- url:/boards/edc31cdb-7e04-4139-8097-a2af3b9b0493/tasks - body:{\"title\":\"Autotest task\",\"order\":0,\"description\":\"Lorem ipsum\",\"userId\":null,\"boardId\":null,\"columnId\":null} - query:{} - statusCode: 200"}
{"level":"error","message":"[2 --LEVEL = info] -:- url:/boards/edc31cdb-7e04-4139-8097-a2af3b9b0493/tasks/acb4ec20-6d2e-4932-ad8b-7c26270cf061 - body:{} - query:{} - statusCode: 200"}
{"level":"error","message":"[2 --LEVEL = info] -:- url:/boards/edc31cdb-7e04-4139-8097-a2af3b9b0493/tasks - body:{\"title\":\"Autotest task\",\"order\":0,\"description\":\"Lorem ipsum\",\"userId\":null,\"boardId\":null,\"columnId\":null} - query:{} - statusCode: 200"}
{"level":"error","message":"[2 --LEVEL = info] -:- url:/boards/edc31cdb-7e04-4139-8097-a2af3b9b0493/tasks/07f29a34-8506-42ec-aae6-b6f7d5270912 - body:{\"id\":\"07f29a34-8506-42ec-aae6-b6f7d5270912\",\"title\":\"Autotest updated task\",\"order\":0,\"description\":\"Lorem ipsum\",\"userId\":null,\"boardId\":\"edc31cdb-7e04-4139-8097-a2af3b9b0493\",\"columnId\":null} - query:{} - statusCode: 200"}
{"level":"error","message":"[2 --LEVEL = info] -:- url:/boards/edc31cdb-7e04-4139-8097-a2af3b9b0493/tasks/07f29a34-8506-42ec-aae6-b6f7d5270912 - body:{} - query:{} - statusCode: 200"}
{"level":"error","message":"[2 --LEVEL = info] -:- url:/boards/edc31cdb-7e04-4139-8097-a2af3b9b0493/tasks/cf7ffda5-ba9b-4dcf-9afb-3aa8bf3b8fd6 - body:{} - query:{} - statusCode: 200"}
{"level":"error","message":"[2 --LEVEL = info] -:- url:/boards/edc31cdb-7e04-4139-8097-a2af3b9b0493/tasks/cf7ffda5-ba9b-4dcf-9afb-3aa8bf3b8fd6 - body:{} - query:{} - statusCode: 200"}
{"level":"error","message":"[2 --LEVEL = info] -:- url:/boards/edc31cdb-7e04-4139-8097-a2af3b9b0493/tasks/cf7ffda5-ba9b-4dcf-9afb-3aa8bf3b8fd6 - body:{} - query:{} - statusCode: 200"}
{"level":"error","message":"[2 --LEVEL = info] -:- url:/boards/edc31cdb-7e04-4139-8097-a2af3b9b0493 - body:{} - query:{} - statusCode: 200"}
